<?xml version="1.0" encoding="UTF-8"?>
<testsuite name="patronesDiseno.structuralPatterns.facade.TestFacade" tests="2" skipped="0" failures="0" errors="0" timestamp="2020-01-18T16:04:58" hostname="MPUENTESPC" time="0.008">
  <properties/>
  <testcase name="test_facade" classname="patronesDiseno.structuralPatterns.facade.TestFacade" time="0.007"/>
  <testcase name="test_original" classname="patronesDiseno.structuralPatterns.facade.TestFacade" time="0.0"/>
  <system-out><![CDATA[]]></system-out>
  <system-err><![CDATA[]]></system-err>
</testsuite>
